These 4 people have gone on quests with each other : A B C I
These 3 people have not gone on quests with each other : A D F
These 4 people have gone on quests with each other : C D F I
These 3 people have not gone on quests with each other : A B I
These 4 people have gone on quests with each other : A D F H
These 3 people have not gone on quests with each other : A C G
These 4 people have gone on quests with each other : A C E F
These 3 people have not gone on quests with each other : B C G
These 4 people have gone on quests with each other : B D E F
These 3 people have not gone on quests with each other : A B G
These 4 people have gone on quests with each other : A B D F
These 3 people have not gone on quests with each other : A C G
These 4 people have gone on quests with each other : A D E I
These 3 people have not gone on quests with each other : A B F
These 4 people have gone on quests with each other : A C D G
These 3 people have not gone on quests with each other : A B I
These 4 people have gone on quests with each other : A C D G
These 3 people have not gone on quests with each other : B C E
These 4 people have gone on quests with each other : A B D F
These 3 people have not gone on quests with each other : A C E
No 4-set of people have all gone on quests with each other.
These 3 people have not gone on quests with each other : A B C
These 4 people have gone on quests with each other : B C E G
These 3 people have not gone on quests with each other : C D H
No 4-set of people have all gone on quests with each other.
These 3 people have not gone on quests with each other : A B E
These 4 people have gone on quests with each other : A B D E
These 3 people have not gone on quests with each other : A C G
No 4-set of people have all gone on quests with each other.
These 3 people have not gone on quests with each other : A C E
No 4-set of people have all gone on quests with each other.
These 3 people have not gone on quests with each other : A B D
These 4 people have gone on quests with each other : D E F G
These 3 people have not gone on quests with each other : A C D
These 4 people have gone on quests with each other : A B C I
These 3 people have not gone on quests with each other : A D G
These 4 people have gone on quests with each other : A B C H
These 3 people have not gone on quests with each other : B D F
No 4-set of people have all gone on quests with each other.
These 3 people have not gone on quests with each other : A C D
No 4-set of people have all gone on quests with each other.
These 3 people have not gone on quests with each other : A B C
No 4-set of people have all gone on quests with each other.
These 3 people have not gone on quests with each other : A B H
These 4 people have gone on quests with each other : A F G I
These 3 people have not gone on quests with each other : B C F
No 4-set of people have all gone on quests with each other.
These 3 people have not gone on quests with each other : A B D
These 4 people have gone on quests with each other : B E F I
These 3 people have not gone on quests with each other : A B C
No 4-set of people have all gone on quests with each other.
These 3 people have not gone on quests with each other : A B C
No 4-set of people have all gone on quests with each other.
These 3 people have not gone on quests with each other : A B C
No 4-set of people have all gone on quests with each other.
These 3 people have not gone on quests with each other : A G H
These 4 people have gone on quests with each other : A B C D
Every 3-set of people has a pair that has done a quest.
These 4 people have gone on quests with each other : A D F I
These 3 people have not gone on quests with each other : B D H
These 4 people have gone on quests with each other : B C D G
These 3 people have not gone on quests with each other : A C I
These 4 people have gone on quests with each other : A B D G
Every 3-set of people has a pair that has done a quest.
No 4-set of people have all gone on quests with each other.
These 3 people have not gone on quests with each other : A B C
These 4 people have gone on quests with each other : A B C E
These 3 people have not gone on quests with each other : A D F
These 4 people have gone on quests with each other : A B C D
Every 3-set of people has a pair that has done a quest.
These 4 people have gone on quests with each other : A D E F
These 3 people have not gone on quests with each other : A B H
These 4 people have gone on quests with each other : A C G H
These 3 people have not gone on quests with each other : A B D
No 4-set of people have all gone on quests with each other.
These 3 people have not gone on quests with each other : A D G
No 4-set of people have all gone on quests with each other.
These 3 people have not gone on quests with each other : A B D
No 4-set of people have all gone on quests with each other.
These 3 people have not gone on quests with each other : A C D
These 4 people have gone on quests with each other : A E F I
These 3 people have not gone on quests with each other : A C H
No 4-set of people have all gone on quests with each other.
These 3 people have not gone on quests with each other : A B C
These 4 people have gone on quests with each other : A B D E
These 3 people have not gone on quests with each other : A C I
These 4 people have gone on quests with each other : B D F H
These 3 people have not gone on quests with each other : A B C
These 4 people have gone on quests with each other : A B C E
These 3 people have not gone on quests with each other : A D H
These 4 people have gone on quests with each other : B C G I
These 3 people have not gone on quests with each other : A B D
No 4-set of people have all gone on quests with each other.
These 3 people have not gone on quests with each other : A B G
No 4-set of people have all gone on quests with each other.
These 3 people have not gone on quests with each other : A C D
No 4-set of people have all gone on quests with each other.
These 3 people have not gone on quests with each other : A B E
These 4 people have gone on quests with each other : A C D G
These 3 people have not gone on quests with each other : B F G
No 4-set of people have all gone on quests with each other.
These 3 people have not gone on quests with each other : A B D
These 4 people have gone on quests with each other : A B D E
These 3 people have not gone on quests with each other : B C F
These 4 people have gone on quests with each other : A B C F
Every 3-set of people has a pair that has done a quest.
These 4 people have gone on quests with each other : A C E H
These 3 people have not gone on quests with each other : B C I
These 4 people have gone on quests with each other : A B C D
These 3 people have not gone on quests with each other : C E G
These 4 people have gone on quests with each other : A B E G
These 3 people have not gone on quests with each other : A C H
These 4 people have gone on quests with each other : B C D E
These 3 people have not gone on quests with each other : C G I
These 4 people have gone on quests with each other : A C F G
Every 3-set of people has a pair that has done a quest.
These 4 people have gone on quests with each other : A B C D
Every 3-set of people has a pair that has done a quest.
These 4 people have gone on quests with each other : A B C D
Every 3-set of people has a pair that has done a quest.
These 4 people have gone on quests with each other : A B C D
Every 3-set of people has a pair that has done a quest.
These 4 people have gone on quests with each other : A B C E
Every 3-set of people has a pair that has done a quest.
These 4 people have gone on quests with each other : A B C D
These 3 people have not gone on quests with each other : A G I
These 4 people have gone on quests with each other : A B C D
Every 3-set of people has a pair that has done a quest.
These 4 people have gone on quests with each other : A B C F
Every 3-set of people has a pair that has done a quest.
These 4 people have gone on quests with each other : A E G H
These 3 people have not gone on quests with each other : A B D
These 4 people have gone on quests with each other : A B F G
These 3 people have not gone on quests with each other : A E I
These 4 people have gone on quests with each other : A B C D
Every 3-set of people has a pair that has done a quest.
These 4 people have gone on quests with each other : A C E F
These 3 people have not gone on quests with each other : C D H
These 4 people have gone on quests with each other : A B C D
Every 3-set of people has a pair that has done a quest.
These 4 people have gone on quests with each other : A B C F
Every 3-set of people has a pair that has done a quest.
These 4 people have gone on quests with each other : A D H I
These 3 people have not gone on quests with each other : A B C
These 4 people have gone on quests with each other : A B D E
Every 3-set of people has a pair that has done a quest.
These 4 people have gone on quests with each other : A B C D
Every 3-set of people has a pair that has done a quest.
These 4 people have gone on quests with each other : A B C D
These 3 people have not gone on quests with each other : B E F
These 4 people have gone on quests with each other : A B C D
These 3 people have not gone on quests with each other : A F I
These 4 people have gone on quests with each other : A C D E
Every 3-set of people has a pair that has done a quest.
These 4 people have gone on quests with each other : A B C D
Every 3-set of people has a pair that has done a quest.
These 4 people have gone on quests with each other : A B C D
Every 3-set of people has a pair that has done a quest.
These 4 people have gone on quests with each other : A B C E
These 3 people have not gone on quests with each other : A D G
These 4 people have gone on quests with each other : A B D F
Every 3-set of people has a pair that has done a quest.
These 4 people have gone on quests with each other : A B C E
Every 3-set of people has a pair that has done a quest.
These 4 people have gone on quests with each other : A B C D
Every 3-set of people has a pair that has done a quest.
These 4 people have gone on quests with each other : A B C D
Every 3-set of people has a pair that has done a quest.
These 4 people have gone on quests with each other : A B D H
These 3 people have not gone on quests with each other : B C E
These 4 people have gone on quests with each other : A B E H
These 3 people have not gone on quests with each other : A F I
These 4 people have gone on quests with each other : A B C D
These 3 people have not gone on quests with each other : F G H
These 4 people have gone on quests with each other : A C D E
Every 3-set of people has a pair that has done a quest.
These 4 people have gone on quests with each other : A B D F
These 3 people have not gone on quests with each other : A C E
These 4 people have gone on quests with each other : A B C D
Every 3-set of people has a pair that has done a quest.
These 4 people have gone on quests with each other : A C E H
Every 3-set of people has a pair that has done a quest.
These 4 people have gone on quests with each other : A B E F
These 3 people have not gone on quests with each other : C G H
These 4 people have gone on quests with each other : A B C D
Every 3-set of people has a pair that has done a quest.
These 4 people have gone on quests with each other : A C D F
These 3 people have not gone on quests with each other : D E G
These 4 people have gone on quests with each other : A B C E
These 3 people have not gone on quests with each other : A F I
These 4 people have gone on quests with each other : A D E H
These 3 people have not gone on quests with each other : A B I
These 4 people have gone on quests with each other : A B C D
Every 3-set of people has a pair that has done a quest.
These 4 people have gone on quests with each other : A D E G
These 3 people have not gone on quests with each other : C E H
These 4 people have gone on quests with each other : A B D E
Every 3-set of people has a pair that has done a quest.
These 4 people have gone on quests with each other : A C D E
Every 3-set of people has a pair that has done a quest.
These 4 people have gone on quests with each other : A B C D
Every 3-set of people has a pair that has done a quest.
