5 22 21 10 
7 4 23 3 
15 8 1 11 
13 14 9 2 

32 95 16 9 
93 45 97 27 
60 36 90 36 
5 9 53 80 

16 72 61 93 
49 56 74 54 
100 51 77 85 
65 78 13 68 

39 62 76 56 
4 11 11 24 
64 17 79 87 
31 77 32 92 

80 82 6 4 
79 25 48 18 
89 53 54 58 
57 1 56 97 

7 28 38 6 
86 2 70 84 
33 49 16 72 
63 12 85 42 

45 47 56 49 
99 68 34 29 
38 23 91 23 
76 95 30 5 

78 81 35 92 
95 31 22 16 
67 98 70 82 
13 13 36 6 

35 45 31 83 
45 41 74 38 
33 71 40 15 
95 90 85 8 

60 79 38 1 
37 67 92 86 
28 16 94 84 
32 53 56 13 

16 61 84 99 
80 52 18 20 
12 82 23 57 
68 80 11 81 

