Test case: 1
  Max Width: 10 Max Height: 15
  Points: (-9,3) (4,14) (1,11) (6,7) (8,14) (-7,6) (-10,9) (-8,13) (8,4) (10,2)
          (-1,13) (3,14)
  Final platform dimensions [-7...6] x [0...11]. Area = 143
Test case: 2
  Max Width: 10 Max Height: 15
  Points: (-9,3) (-4,14) (5,11) (4,6) (8,14) (-7,6) (-10,9) (-8,13) (8,4) (10,2)
          (-3,4) (3,12)
  Final platform dimensions [-3...3] x [0...15]. Area = 90
Test case: 3
  Max Width: 10 Max Height: 15
  Points: (-3,10) (-4,14) (5,11) (1,5) (8,14) (-7,6) (-10,9) (-8,13) (8,4) (9,7)
          (-3,4) (3,12)
  Final platform dimensions [-10...10] x [0...4]. Area = 80
Test case: 4
  Max Width: 10 Max Height: 15
  Points: (2,2) (-8,3) (-1,9)
  Final platform dimensions [-8...2] x [0...9]. Area = 90
Test case: 5
  Max Width: 10 Max Height: 15
  Points: (-10,15) (-9,14) (-8,13) (-7,12) (-6,11) (-5,10) (-4,9) (-3,8) (-2,7) (-1,6)
          (0,5) (1,4) (2,3) (3,2) (4,1) (5,0) (-10,5) (-9,6) (-8,7) (-7,8)
          (-6,9) (10,3) (9,4) (8,5) (7,6) (6,7) (10,13) (9,12) (8,11) (7,10)
          (6,9) (5,8) (4,7) (3,6) (2,5) (-10,0) (-9,1) (-8,2) (-7,3) (-6,4)
          (-5,5) (-4,6) (-3,7) (-2,8) (-1,9) (0,10) (1,11) (2,12) (3,13) (4,14)
          (5,15) (1,2) (2,1) (3,0) (-7,4)
  Final platform dimensions [-6...1] x [0...5]. Area = 35
Test case: 6
  Max Width: 10 Max Height: 15
  Points: (-10,0) (-10,1) (-10,2) (-10,3) (-10,4) (-10,5) (-10,6) (-10,7) (-10,8) (-10,9)
          (-10,10) (-10,11) (-10,12) (-10,13) (-10,14) (-10,15) (-9,0) (-9,1) (-9,2) (-9,3)
          (-9,4) (-9,5) (-9,6) (-9,7) (-9,8) (-9,9) (-9,10) (-9,11) (-9,12) (-9,13)
          (-9,14) (-9,15) (-8,0) (-8,1) (-8,2) (-8,3) (-8,4) (-8,5) (-8,6) (-8,7)
          (-8,8) (-8,9) (-8,10) (-8,11) (-8,12) (-8,13) (-8,14) (-8,15) (-7,0) (-7,1)
          (-7,2) (-7,3) (-7,4) (-7,5) (-7,6) (-7,7) (-7,8) (-7,9) (-7,10) (-7,11)
          (-7,12) (-7,13) (-7,14) (-7,15) (-6,0) (-6,1) (-6,2) (-6,3) (-6,4) (-6,5)
          (-6,6) (-6,7) (-6,8) (-6,9) (-6,10) (-6,11) (-6,12) (-6,13) (-6,14) (-6,15)
          (-5,0) (-5,1) (-5,2) (-5,3) (-5,4) (-5,5) (-5,6) (-5,7) (-5,8) (-5,9)
          (-5,10) (-5,11) (-5,12) (-5,13) (-5,14) (-5,15) (-4,0) (-4,1) (-4,2) (-4,3)
          (-4,4) (-4,5) (-4,6) (-4,7) (-4,8) (-4,9) (-4,10) (-4,11) (-4,12) (-4,13)
          (-4,14) (-4,15) (-3,0) (-3,1) (-3,2) (-3,3) (-3,4) (-3,5) (-3,6) (-3,7)
          (-3,8) (-3,9) (-3,10) (-3,11) (-3,12) (-3,13) (-3,14) (-3,15) (-2,0) (-2,1)
          (-2,2) (-2,3) (-2,4) (-2,5) (-2,6) (-2,7) (-2,8) (-2,9) (-2,10) (-2,11)
          (-2,12) (-2,13) (-2,14) (-2,15) (-1,0) (-1,1) (-1,2) (-1,3) (-1,4) (-1,5)
          (-1,6) (-1,7) (-1,8) (-1,9) (-1,10) (-1,11) (-1,12) (-1,13) (-1,14) (-1,15)
          (0,5) (0,6) (0,7) (0,8) (0,9) (0,10) (0,11) (0,12) (0,13) (0,14)
          (0,15) (1,0) (1,1) (1,2) (1,3) (1,4) (1,5) (1,6) (1,7) (1,8)
          (1,9) (1,10) (1,11) (1,12) (1,13) (1,14) (1,15) (2,0) (2,1) (2,2)
          (2,3) (2,4) (2,5) (2,6) (2,7) (2,8) (2,9) (2,10) (2,11) (2,12)
          (2,13) (2,14) (2,15) (3,0) (3,1) (3,2) (3,3) (3,4) (3,5) (3,6)
          (3,7) (3,8) (3,9) (3,10) (3,11) (3,12) (3,13) (3,14) (3,15) (4,0)
          (4,1) (4,2) (4,3) (4,4) (4,5) (4,6) (4,7) (4,8) (4,9) (4,10)
          (4,11) (4,12) (4,13) (4,14) (4,15) (5,0) (5,1) (5,2) (5,3) (5,4)
          (5,5) (5,6) (5,7) (5,8) (5,9) (5,10) (5,11) (5,12) (5,13) (5,14)
          (5,15) (6,0) (6,1) (6,2) (6,3) (6,4) (6,5) (6,6) (6,7) (6,8)
          (6,9) (6,10) (6,11) (6,12) (6,13) (6,14) (6,15) (7,0) (7,1) (7,2)
          (7,3) (7,4) (7,5) (7,6) (7,7) (7,8) (7,9) (7,10) (7,11) (7,12)
          (7,13) (7,14) (7,15) (8,0) (8,1) (8,2) (8,3) (8,4) (8,5) (8,6)
          (8,7) (8,8) (8,9) (8,10) (8,11) (8,12) (8,13) (8,14) (8,15) (9,0)
          (9,1) (9,2) (9,3) (9,4) (9,5) (9,6) (9,7) (9,8) (9,9) (9,10)
          (9,11) (9,12) (9,13) (9,14) (9,15) (10,0) (10,1) (10,2) (10,3) (10,4)
          (10,5) (10,6) (10,7) (10,8) (10,9) (10,10) (10,11) (10,12) (10,13) (10,14)
          (10,15)
  Final platform dimensions [-1...1] x [0...5]. Area = 10
Test case: 7
  Max Width: 100 Max Height: 200
  Points: (45,186) (-2,200) (24,183) (46,56) (7,173) (46,55) (74,145) (75,22) (2,200) (-35,141)
          (-80,48) (76,90) (49,36) (15,200) (70,59) (-78,101) (74,65) (-58,38) (79,33) (-22,190)
          (-49,143) (-61,194) (66,117) (29,110) (67,161) (84,37) (-78,112) (27,77) (10,185) (-21,168)
          (71,29) (49,116) (27,48) (-96,153) (-32,71) (-48,184) (94,185) (-34,188) (-100,183) (-85,54)
          (-10,123) (-32,137) (73,17) (18,162) (-98,186) (39,38) (-74,137) (-39,186) (82,146) (-30,178)
          (28,120) (0,200) (-76,146) (83,68) (63,77) (-13,131) (-88,31) (91,85) (-56,62) (85,66)
          (-65,163) (99,30) (-63,73) (6,177) (82,128) (-13,168) (-74,54) (49,164) (-77,13) (-7,173)
          (61,123) (-41,102) (-10,108) (30,83) (-24,69) (-46,146) (48,190) (81,126) (50,39) (1,199)
          (-56,78) (42,154) (60,200) (-32,173) (1,200) (75,160) (-66,149) (18,99) (-15,85) (-14,135)
          (15,179) (21,140) (3,199) (-15,164) (46,141) (-16,85) (-41,94) (-20,123) (-54,151) (36,56)
          (-32,46) (13,138) (72,130) (80,120) (-46,151) (23,194) (-71,78) (97,31) (-93,65) (34,79)
          (-95,13) (50,142) (-46,142) (17,142) (-53,72) (-39,33) (-42,99) (23,125) (-78,106) (-94,70)
          (-71,133) (28,138) (69,55) (83,151) (71,73) (-70,158) (43,49) (55,66) (3,200) (13,185)
          (-98,75) (64,33) (5,200) (-91,11) (-41,154) (88,146) (-86,96) (-72,141) (-8,174) (73,56)
          (-90,19) (-65,79) (98,34) (-61,78) (-61,157) (-68,44) (15,180) (-35,133) (7,149) (-84,117)
          (98,66) (-83,127) (15,165) (87,155) (-33,146) (-32,93) (77,177) (-42,43) (12,89) (-49,191)
          (-88,164) (-8,177) (50,26) (-16,127) (-49,46) (-97,153) (42,160) (37,129) (-30,42) (-9,136)
          (-46,110) (38,124) (74,137) (-7,151) (-26,40) (-6,187) (85,147) (-71,51) (-94,68) (28,54)
          (58,26) (-12,129) (-15,126) (-84,111) (71,143) (-67,64) (17,99) (44,126) (-16,191) (-22,76)
          (43,116) (90,126) (89,12) (78,148) (-76,187) (-91,36) (47,27) (15,70) (74,161) (59,191)
          (-31,114) (-80,68) (-60,153) (-13,115) (69,142) (6,179) (37,48) (34,112) (-45,89) (-6,182)
          (90,37) (9,165) (-87,38) (-92,37) (2,199) (9,127) (-21,50) (17,63) (72,135) (84,180)
          (-46,81) (-89,180) (31,122) (6,174) (36,93) (48,172) (89,27) (-69,178) (69,50) (47,180)
          (13,141) (25,166) (84,52) (-84,83) (83,88) (-28,181) (-55,116) (49,142) (92,160) (-86,78)
          (-75,88) (15,160) (99,132) (45,168) (-66,102) (-99,114) (-69,56) (50,192) (27,162) (60,180)
          (99,33) (99,40) (37,114) (52,139) (-10,128) (-32,89) (18,194) (99,24) (62,128) (-65,186)
          (50,36) (42,194) (-23,168) (87,175) (14,73) (48,179) (-23,107) (-46,127) (-92,102) (60,157)
          (-38,161) (-76,63) (-23,106) (14,100) (-34,111) (39,139) (15,149) (-77,163) (-35,64) (-96,89)
          (22,161) (-48,100) (-83,169) (-57,133) (-44,196) (-66,31) (65,82) (100,112) (-83,77) (-64,91)
          (-60,53) (24,148) (79,127) (61,120) (68,183) (-32,119) (49,49) (42,148) (4,199) (-98,67)
  Final platform dimensions [-77...73] x [0...26]. Area = 3900
Test case: 8
  Max Width: 10000 Max Height: 20000
  Points: (-3505,10526) (-2470,18019) (-9750,8530) (-5514,6774) (-7242,16300) (-5609,7378) (-5101,2717) (-3275,7000) (789,19253) (-9411,4164)
          (-9425,13401) (6452,16025) (5470,14463) (1080,13679) (-3863,8299) (4212,8351) (-4720,18673) (-2358,8048) (1728,8037) (2191,13673)
          (-9671,15223) (1962,5257) (8219,10457) (1321,15308) (7182,4156) (2381,17159) (1878,15148) (7071,10810) (-4061,17765) (5538,17865)
          (-1608,10298) (5526,2848) (7739,17647) (5551,18179) (-25,19145) (-4924,18857) (4486,2262) (-3723,17732) (-3713,8557) (8665,18846)
          (353,19848) (1470,19121) (1339,12022) (1969,7849) (2776,4242) (-954,19496) (-5792,11007) (-984,19735) (4091,10590) (1036,14967)
          (5319,19658) (6510,8844) (-9627,6345) (-3168,3421) (9185,10379) (6699,13268) (564,19036) (-8019,16650) (5781,2663) (3997,15118)
          (-3448,3280) (-8247,12855) (-4267,15813) (-9089,19233) (502,19974) (6887,8253) (-6053,9603) (9825,15328) (5319,3287) (4189,3454)
          (4171,19787) (-603,19883) (969,19666) (-2002,12395) (-9124,2951) (-1421,7899) (6804,2143) (6184,8643) (-4969,14711) (-9034,6022)
          (8976,13324) (-1250,18197) (-8971,9060) (-1283,17364) (-7168,18800) (4764,8345) (5962,18582) (-9264,2854) (-4787,10968) (-5658,2698)
          (7770,17557) (4263,18533) (5817,19702) (750,19948) (-6296,18339) (-6288,19609) (4782,8671) (3712,19093) (-6668,8355) (4102,5446)
          (-3990,4867) (-9194,5419) (-8672,8578) (2628,19962) (5405,17579) (-2107,19405) (-4616,5977) (3425,9881) (-2282,9843) (6820,15831)
          (-8037,6889) (7851,16940) (-7834,5817) (3531,15249) (349,19521) (-5984,6056) (-1429,10383) (9217,9156) (-7252,13172) (-2828,4288)
          (-1086,11267) (-1884,13246) (9291,12119) (9571,6416) (-1404,11766) (-521,19147) (1079,14440) (6573,9212) (1456,12988) (6169,6828)
          (8128,3423) (-7383,7752) (3727,16278) (8659,5427) (7681,8679) (7569,11278) (-5394,9556) (189,19390) (-9155,11905) (-122,19968)
          (-2018,14473) (-393,19953) (-5260,12745) (4430,15878) (-9352,15118) (9810,16866) (-6835,15668) (3418,15861) (1244,11094) (-7416,11206)
          (7250,18566) (-8061,15464) (-2782,16927) (-2960,4651) (4180,18736) (-4861,9415) (36,19560) (-7483,5806) (7478,12271) (-1479,16017)
          (1932,8435) (8439,18721) (-9164,11645) (6186,2862) (-6454,13508) (9721,8054) (5539,13151) (-644,19878) (-9020,18956) (-9314,15213)
          (-7835,7532) (-9236,3490) (-3831,11494) (5089,13592) (-3927,16229) (-8471,14912) (8037,1409) (-709,19222) (4667,15709) (3889,15355)
          (3506,10734) (-8389,8150) (-9676,7635) (8666,16236) (-8854,6800) (-967,19804) (3660,2740) (-3411,9397) (1452,7558) (8963,18224)
          (8230,2358) (7857,12691) (-8812,15690) (705,19422) (6721,8479) (432,19748) (7147,8955) (-3086,15306) (-9872,1650) (4764,11064)
          (-7189,4669) (-7102,6805) (-1468,16555) (-5574,3502) (9245,5924) (-2012,10028) (-4012,15075) (-1665,10830) (-5638,17553) (7940,18794)
          (-1661,6392) (981,19170) (-2026,11720) (-3447,4264) (-7382,16068) (966,19491) (-2308,10829) (-1275,19138) (6760,11202) (3701,18369)
          (7672,8121) (4244,7733) (7541,4378) (-9412,19426) (-39,19803) (-9852,9842) (3475,14769) (3516,4952) (-7722,12556) (-477,19747)
          (3980,11910) (-3718,17380) (-3083,7324) (8923,16330) (5843,8966) (-8295,11533) (-2369,19371) (7002,13969) (-5961,9734) (-3159,10989)
          (-9332,7965) (2280,19839) (7390,6386) (1579,14288) (-308,19856) (-9511,3178) (-4475,3202) (4034,16706) (2560,6099) (1721,19355)
          (8827,2117) (8488,5741) (-7024,3234) (-2344,4530) (-9338,14253) (-3832,17903) (19,19516) (-5795,4295) (-954,19746) (-69,19036)
          (2947,7456) (-5001,12201) (-80,19457) (-9576,10506) (-6726,13719) (-8245,13428) (3846,12655) (-4211,3067) (-6319,5851) (-6622,9193)
          (-4404,18181) (9526,6413) (-8344,19950) (8559,2544) (-2744,11901) (4149,16821) (7871,2750) (6941,11369) (3804,7801) (9551,15139)
          (1541,19096) (-4139,5193) (-5700,16355) (-7045,1784) (-6257,7858) (5131,8185) (1363,10948) (-8268,3648) (-1407,14552) (-8224,14229)
          (-4303,3490) (-1719,14736) (-5658,7674) (683,19661) (-3444,13552) (-4009,16215) (-7808,3883) (-6215,2122) (-4276,16106) (-8960,1811)
          (4057,17034) (-6297,9912) (5454,6675) (-6194,9256) (-6025,14711) (-8825,9727) (-3743,13365) (6447,12517) (-2454,14271) (-5622,7830)
          (2183,17711) (-7144,7731) (-1504,9894) (3133,6080) (-702,19348) (-2932,14750) (-8416,6583) (4825,10800) (4565,11011) (7910,1633)
          (4042,14034) (-9527,11072) (4064,19047) (-1746,6260) (495,19345) (781,19456) (-6673,12307) (-1865,12279) (2361,7406) (679,19222)
          (-5644,12448) (-3098,12582) (-5353,4696) (-3209,16499) (-3908,9247) (-8557,3240) (8495,9192) (-9507,1251) (-7676,12478) (-1277,12250)
          (-3873,19614) (1437,17770) (2435,18654) (5294,4697) (6534,5189) (7124,12861) (2105,15820) (-2058,6854) (3154,11748) (-967,19438)
          (-6944,13846) (9016,2119) (5269,17844) (-9817,15087) (9061,10003) (-3971,7723) (3558,3967) (1015,12493) (318,19421) (6703,18832)
          (-7185,18614) (-4616,5775) (3335,8337) (2887,13817) (-3493,17724) (6765,15841) (3596,15438) (1093,18629) (-9424,15646) (4039,5054)
          (2204,7562) (-3369,9106) (-8086,6034) (2147,12618) (-8129,11732) (9341,11226) (-4138,8016) (8909,9443) (4246,10749) (-8994,4231)
          (198,19412) (-2682,15382) (1100,9836) (-4570,6063) (-9102,1519) (7687,8191) (6496,3209) (2390,10019) (-3386,10583) (1566,11317)
          (2111,16757) (-2958,5607) (-5227,6030) (-3557,6281) (9713,16567) (189,19031) (-4858,5894) (-2143,10211) (7612,9867) (-7662,17889)
          (-7057,8266) (-9033,6832) (7075,19997) (-2701,9647) (-1539,13172) (-4388,5438) (-4722,7017) (674,19587) (3616,16954) (-2083,15974)
          (-7743,19329) (4078,14907) (-9353,12418) (8793,8352) (5000,9977) (-3490,11628) (1308,14219) (-2495,15080) (-8751,8496) (6366,12548)
          (2969,5323) (-1770,18105) (9623,16046) (6949,3795) (-2056,17693) (3351,7040) (-5839,5434) (4149,5013) (-5885,15583) (-948,19616)
          (2691,8627) (-429,19206) (-2352,8453) (2257,12404) (-8071,4970) (7202,4409) (4470,4899) (-3602,19683) (-3634,9505) (8934,9531)
          (-8355,5857) (-6673,2814) (-2940,14230) (9894,11377) (5430,9655) (-1096,16663) (6034,3309) (-9550,8563) (9772,7739) (-7916,19653)
          (-3925,8420) (532,19090) (-2187,10913) (-3024,5107) (-4484,15142) (-8787,5586) (-9272,19259) (8371,13429) (8940,12851) (5941,2834)
          (-1803,15243) (-30,19599) (-2549,8375) (-9788,4833) (-6273,8338) (-8210,17201) (9984,6603) (-7820,16619) (5436,14675) (6774,18214)
          (-7242,14212) (4236,8357) (3493,3962) (5183,3196) (2888,6880) (8299,17231) (-5474,7165) (-5839,11771) (-3920,15806) (668,19702)
          (8060,2965) (-4996,15056) (5416,10601) (-4212,12608) (-3247,12308) (-5672,8872) (4419,17040) (-3992,16489) (-872,19672) (-1803,18812)
          (-5924,17268) (-9418,14758) (-7166,18052) (9396,17855) (-6554,17777) (26,19977) (871,19929) (-6000,9716) (-9867,8204) (-1998,9878)
  Final platform dimensions [-1086...1015] x [0...19031]. Area = 39984131
Test case: 9
  Max Width: 10000 Max Height: 20000
  Points: (9984,17464) (5645,7022) (-431,19927) (-6327,4434) (-4044,18911) (2640,19205) (7102,2781) (-5250,6237) (-5172,2011) (-2436,7554)
          (-8129,16764) (-3596,12161) (3827,16712) (9779,12730) (3393,16125) (3847,13129) (-745,19845) (-5191,9429) (6334,6579) (5579,15341)
          (8315,13415) (-1241,15760) (3458,8448) (-7695,14142) (-3449,7460) (-637,19569) (-2855,10511) (8194,3205) (-4472,17060) (1315,17471)
          (-2078,7790) (9734,7785) (-3514,4740) (-1795,12815) (2606,8065) (9711,15651) (-5125,15992) (3290,15509) (-3767,7632) (-3693,9151)
          (3782,10464) (-9003,11337) (7488,1861) (4308,2931) (833,19010) (2208,15262) (4087,18486) (-7790,10283) (6885,6141) (9244,9692)
          (-65,19189) (-9385,15483) (1899,18215) (7120,19407) (-3432,9890) (1495,13731) (6442,9597) (-8306,1579) (5573,8874) (1464,19016)
          (-9476,1369) (9806,5089) (1436,19752) (-9523,16180) (-4080,9731) (2837,19373) (-3757,6879) (-576,19508) (6429,13820) (-453,19958)
          (-8646,5577) (-7798,18966) (3368,16804) (-6919,8569) (-3100,11184) (3813,19913) (2901,18448) (8576,8872) (-45,19466) (-7437,9454)
          (1214,12339) (-9251,12010) (3995,9969) (6443,8201) (5373,7346) (5718,11688) (-3580,10707) (-5402,14143) (1742,16512) (4131,9248)
          (2619,10118) (-2867,12702) (-3831,8882) (2654,15121) (1910,6504) (4761,15932) (-8230,19667) (-3950,19426) (-9421,1275) (7304,13290)
          (4148,12695) (9403,8960) (8625,18847) (-3114,4839) (3832,8987) (-1058,16349) (-1407,16914) (9056,6498) (2211,10095) (-6403,8210)
          (1514,19813) (2403,11556) (2922,6067) (7509,11022) (8699,11311) (6586,16219) (7249,6064) (7106,19805) (2892,15594) (9677,17713)
          (-7945,9574) (-3051,7503) (-9156,6340) (9142,18106) (-9762,11989) (-8277,4757) (8511,8828) (-7291,8336) (6262,15465) (758,19608)
          (330,19125) (-3746,19163) (9808,3418) (-9465,15532) (-3165,16303) (7347,1898) (3913,7033) (-233,19606) (-5683,7387) (7213,4688)
          (-486,19949) (8212,14811) (-2101,15259) (-7046,19602) (6373,3747) (5797,14741) (6748,2619) (9067,12955) (-4563,12897) (2882,14406)
          (-6525,2456) (-5324,11730) (1414,11098) (-8237,10022) (-2343,14443) (-1754,11353) (-7941,7883) (-8220,14135) (-8329,10877) (7996,16686)
          (-6259,3185) (4593,4352) (-10,19497) (2260,6591) (-386,19199) (-5859,16599) (1580,12205) (-4336,9089) (3658,8568) (-31,19108)
          (9682,7095) (-8913,2914) (2670,13509) (-6695,3238) (4659,15032) (7701,2319) (-7447,9403) (-2526,18968) (3288,16369) (-1608,14860)
          (41,19380) (-2629,5396) (-1256,15280) (-6091,19549) (-4253,3437) (-4917,5087) (-5969,4078) (2892,16300) (3587,9155) (-5671,2587)
          (-3200,10340) (7635,10447) (7573,1536) (-6675,10135) (-6570,6386) (-2883,14673) (-2151,16517) (72,19752) (-5569,13469) (-940,19429)
          (-1961,14447) (8433,12821) (-8726,13625) (7027,13128) (6817,2791) (-6775,19499) (8713,13311) (-2633,15790) (-5399,7513) (1721,9367)
          (615,19977) (-5448,14741) (-4860,4284) (4577,19605) (-6156,5227) (-9714,7542) (-225,19278) (6154,5043) (-1816,19847) (-6404,19199)
          (8785,16636) (-9023,15923) (6784,14238) (-6932,16128) (-8946,11063) (-4207,17551) (-9573,13920) (-3307,6418) (1661,8547) (3563,8837)
          (-7756,15760) (7721,1699) (-7443,6111) (9521,17248) (1715,15585) (-3479,16434) (4961,16989) (-365,19516) (-7042,14187) (-3576,5314)
          (-1249,15478) (8758,4033) (1820,13659) (2745,18251) (-8478,14015) (1372,11200) (75,19698) (-5600,3871) (6450,3426) (-9109,15037)
          (8382,8090) (677,19347) (-5745,5061) (6260,13420) (2747,14612) (8371,4298) (-6103,10873) (6021,14164) (-7240,4635) (3772,12241)
          (-9831,9120) (8835,8065) (4065,4298) (1092,19964) (-652,19751) (-710,19899) (6389,18774) (915,19942) (-9610,13607) (-7911,13419)
          (374,19440) (3184,3856) (-9850,7798) (-5253,2218) (1539,14175) (2686,7548) (-7977,2204) (7193,15722) (3979,18511) (4823,14700)
          (-1589,13805) (3715,15322) (-9684,9705) (-3203,3379) (5225,7827) (4441,10851) (8328,8884) (-246,19969) (-9888,3259) (-8851,9455)
          (-746,19562) (6962,3563) (-179,19804) (-8533,11670) (-2054,14890) (-1167,14699) (6964,13707) (-8502,16173) (2063,19415) (-3926,4519)
          (-6986,8907) (-5777,19336) (2429,18730) (-7819,4476) (9800,16324) (1468,19536) (1849,16971) (-4813,8845) (4648,13046) (9312,8089)
          (197,19716) (9130,2339) (2741,14180) (7997,15541) (-5542,10087) (-3855,3761) (-4183,3092) (3982,14516) (-3840,13486) (-9462,11285)
          (-6209,17128) (1075,16255) (7911,2334) (-7473,2570) (-3122,19533) (-1987,9221) (4997,9410) (9081,12044) (-8167,6558) (-8159,15048)
          (-6695,7418) (9249,16121) (-3860,10856) (-3532,14102) (1146,18945) (5650,16468) (5588,5667) (9538,13034) (3183,7234) (-6740,9595)
          (-8132,12019) (-1982,6634) (4616,18212) (-7612,10339) (-6560,17926) (-2115,10406) (5501,2757) (8670,9711) (939,19225) (6571,19783)
          (9456,11166) (-4680,12706) (3294,10819) (2767,5221) (-4782,12150) (-897,19970) (-5417,14518) (-9632,10678) (-9003,6338) (-9500,14442)
          (-6236,2465) (7489,15479) (-2157,12442) (6234,14823) (-570,19057) (-1528,6661) (399,19883) (-8776,15506) (-1237,13335) (-744,19591)
          (-1105,13640) (8787,13398) (5111,7665) (-409,19182) (9369,2013) (4094,19451) (-5420,12569) (5261,4903) (6113,11764) (-7742,18762)
          (-7277,4085) (-4828,9095) (-4398,4003) (-616,19781) (-164,19551) (-9439,10820) (-2114,18220) (-3435,5674) (-9452,18401) (1031,18489)
          (4017,4011) (6111,14026) (6616,13015) (-6229,15379) (-2489,13304) (-1872,18162) (-4916,12666) (-6452,8785) (1779,6772) (-6418,8001)
          (9769,12883) (-4058,3390) (9615,12234) (5788,2397) (-3769,15647) (-3568,19679) (1210,11612) (1338,15112) (-1558,17833) (-1329,16805)
          (372,19963) (-4939,12282) (7182,7226) (-6508,14624) (-87,19547) (1429,7535) (5886,4817) (1401,9901) (-9565,13078) (9834,17876)
          (9905,15224) (3138,4136) (-5466,10092) (9506,2872) (-1587,18940) (5200,17587) (-3114,16354) (-5579,9336) (-6856,16787) (596,19367)
          (-174,19179) (-8964,8498) (5294,14586) (-2457,17584) (-861,19504) (-4320,18870) (-6905,1692) (577,19324) (6125,17353) (-5799,12298)
          (-3780,8871) (5760,11329) (6680,5711) (-4848,14985) (4122,6299) (1548,9137) (5600,7598) (-7815,15811) (2121,18267) (5358,19139)
          (-5730,1954) (4603,5080) (2021,6808) (-4938,10414) (-4460,4378) (4714,18899) (-6477,9912) (1173,14592) (4515,3566) (480,19186)
          (3396,10266) (-9769,18949) (573,19367) (6369,16468) (-7912,15828) (-4715,15655) (112,19919) (7403,16027) (3673,13627) (7680,16390)
          (-682,19946) (8807,8638) (817,19498) (-2163,9029) (-7714,19231) (403,19787) (-7402,11561) (-7030,2304) (908,19833) (-6844,4088)
          (1656,8063) (-8248,9927) (-5623,15777) (5507,18936) (-2881,14374) (-4715,19927) (1285,9960) (-207,19385) (-3322,16350) (-8620,5770)
          (-3697,12829) (1170,16253) (-7779,5397) (-9632,18662) (-4149,19748) (-2309,16998) (-2688,12620) (1938,5436) (-2159,5228) (5751,9678)
          (-8653,8627) (4068,9719) (4131,13456) (7095,14268) (8959,5899) (-9137,1203) (-5884,13608) (1824,15828) (-7954,1565) (-7564,17747)
          (1350,19841) (-1076,14395) (-449,19886) (-8587,18043) (7446,4991) (1438,19843) (-4391,10508) (-1175,15442) (1742,19117) (3629,13153)
          (-2916,18321) (9195,9208) (9467,7578) (-988,19899) (6271,14961) (7406,4707) (-3207,7537) (5161,7240) (-2130,5021) (561,19890)
          (9977,10799) (542,19784) (-49,19373) (3951,5397) (-5382,2918) (-4308,3705) (-325,19450) (-7250,19850) (-3504,17173) (9397,15952)
          (2445,17234) (1557,7615) (-5346,10049) (-9929,6002) (9992,1542) (-4790,9528) (3532,5692) (7397,15239) (-7479,12134) (2651,8466)
          (1558,14684) (-5185,12960) (-4826,9974) (-6111,9769) (-1116,12242) (-680,19881) (-4986,10931) (-993,19625) (6633,12919) (8127,18833)
          (-718,19779) (-2947,4199) (-6744,6436) (1138,9459) (-589,19297) (3596,9629) (-221,19481) (-7849,14397) (5134,17105) (6115,8647)
          (-1664,9516) (-1151,15191) (8143,5307) (-8072,11933) (8620,16300) (-492,19833) (-7336,4058) (8669,12275) (8230,3942) (-5767,17621)
          (2089,6863) (-6665,11661) (-2220,11980) (2547,18775) (-7905,4582) (929,19022) (2968,18951) (6739,7901) (-3584,5769) (250,19064)
          (-8536,19541) (-6980,10266) (-395,19679) (-1486,13340) (8780,6256) (-9441,17623) (4903,12710) (4864,6164) (-8016,18143) (712,19053)
          (-6067,2884) (199,19706) (2851,17977) (-1434,11947) (8876,14262) (-2562,14147) (5684,18854) (3717,11616) (-8439,16703) (-21,19360)
          (8572,9870) (9683,3061) (5637,12319) (369,19932) (-1999,8519) (-3344,17874) (3767,10040) (7184,10063) (-1128,9633) (4548,17367)
          (-5869,12574) (-2529,11474) (-1313,8597) (7796,11255) (6214,19400) (4770,6185) (3601,3605) (6149,3277) (4708,16685) (-4630,13044)
          (-8527,8576) (-4303,5063) (-8132,5276) (7053,14644) (8808,15439) (-165,19288) (6551,10385) (5096,2517) (-9131,8671) (6191,13179)
          (5220,11445) (-1711,8023) (6309,16639) (-6358,11841) (-7444,5170) (-946,19612) (-876,19974) (9800,7593) (8081,19801) (-8390,15814)
          (1605,13262) (5804,18823) (4168,10224) (-5338,8733) (8040,10061) (-3791,11010) (-4002,16623) (5985,12867) (4859,3967) (-1578,13328)
          (2860,8348) (-5994,11968) (637,19663) (429,19975) (-1369,19876) (-5723,5702) (-5817,3758) (1875,10743) (-9714,14253) (168,19066)
          (-6098,8008) (-9193,15864) (300,19206) (8438,12146) (-8179,8851) (-1698,11760) (-6066,4308) (-2865,15755) (7892,9697) (505,19366)
          (-8661,12728) (6698,3481) (-6888,18951) (-7797,11357) (-5576,8266) (9205,3813) (3424,5051) (-2225,15508) (7257,2440) (3673,13358)
          (-9171,8135) (-2517,15182) (8199,7441) (-7085,7892) (-8893,18960) (-298,19277) (-7874,6971) (-1777,18991) (6767,7970) (-1458,8063)
          (3399,12230) (9506,14525) (5186,17812) (-8221,19027) (-726,19881) (1193,9235) (2713,9773) (9299,6206) (-9194,17939) (3137,18762)
          (106,19903) (5731,5035) (-4055,8222) (-5861,14325) (-3273,14234) (2790,19809) (6557,10745) (-3511,5274) (-6515,14959) (8312,11393)
          (-7525,9070) (6385,3205) (2265,11357) (-8355,12186) (-6503,8475) (4439,17986) (7263,7623) (1409,16798) (-9511,18166) (6342,15585)
          (5171,13125) (-7754,14939) (7904,14168) (4577,12053) (748,19465) (5549,2470) (-1634,7146) (-8491,9902) (5557,17356) (-254,19186)
          (4119,2577) (-3471,18357) (-2387,9150) (-1050,17710) (-8289,19466) (-5972,4954) (-3299,10924) (-4259,6999) (4257,9612) (2904,5789)
          (2830,7884) (-6174,5730) (-3604,14660) (-2835,18678) (9839,11992) (-2167,18841) (2507,13761) (3606,6019) (895,19494) (4638,19698)
          (1476,15849) (408,19636) (6224,12166) (-8208,14936) (9801,3628) (2963,8238) (2704,16647) (-7464,1939) (6443,2528) (5806,19064)
          (-7303,5864) (821,19301) (-8921,4959) (693,19010) (1655,15172) (7952,11742) (632,19396) (-9206,16436) (-6645,11541) (7726,10947)
          (-2577,17351) (1138,17477) (-824,19668) (8836,14751) (-2561,14120) (-7291,11730) (829,19219) (9470,16124) (-7411,2889) (-4302,11085)
          (-7837,2281) (2602,7615) (-6168,19249) (2257,10542) (-7543,6372) (5891,11742) (-5066,5517) (7869,6336) (-3094,17047) (5341,11168)
          (5781,16927) (-632,19129) (684,19133) (8133,12164) (-7492,8321) (-8224,8966) (7034,15374) (408,19755) (-7416,6462) (6212,18899)
          (-6763,10420) (-4455,9735) (7284,11461) (-3026,6411) (-2872,17970) (-4786,19673) (-6807,15784) (-6231,11664) (-3253,5060) (-3962,19349)
          (8291,9589) (-8873,5356) (4834,13580) (8312,10347) (6547,10982) (9533,8660) (-5613,10456) (-8818,8036) (7594,16618) (7133,16770)
          (-2558,17047) (-5450,19954) (6721,16784) (-2034,18100) (-1037,10014) (-9285,19057) (-1698,13534) (-8750,17030) (-5244,4780) (2060,16063)
          (6075,3763) (-8535,7067) (4045,18054) (5249,3820) (8317,10601) (4596,19427) (1144,16784) (-9459,3221) (-1175,18028) (-5912,10747)
          (9868,3164) (7003,2576) (-7073,2988) (9659,10939) (-4603,15183) (1402,10658) (-7576,2700) (6895,11064) (3540,5061) (7571,12836)
          (3124,17807) (5261,4221) (-5942,3756) (1169,10787) (-8776,6824) (-58,19902) (4612,18612) (2816,16489) (5407,9338) (-9365,2550)
          (1456,14475) (2173,9818) (4934,10814) (1044,10282) (-6203,2931) (-9299,5463) (5046,17555) (6695,7830) (9931,2782) (-1664,9983)
          (7917,10380) (9792,6788) (-9768,13454) (5593,3904) (-6923,7114) (-8485,3018) (-950,19331) (-9873,9725) (-202,19938) (6337,3632)
          (2143,12796) (1415,13801) (-8065,6865) (-8566,18005) (8447,2940) (-5600,15082) (-4344,4479) (-1112,10224) (2163,15168) (-3311,14701)
          (-677,19282) (4319,6993) (-2171,6141) (-2528,18788) (-2596,17804) (-8226,3126) (-258,19203) (8209,11095) (6264,4057) (9173,9999)
          (-2432,6521) (-2354,4501) (2519,6544) (-4793,12039) (8815,7335) (3820,10664) (4881,14862) (9732,6519) (4005,10388) (-6434,8392)
          (2651,19598) (1739,8190) (-3342,5020) (5344,2561) (9627,13724) (-7997,12291) (2275,6923) (6400,14689) (744,19598) (4778,10810)
          (3458,5528) (-7910,8702) (5528,19144) (7682,5830) (4317,11868) (4702,18186) (-4667,7862) (-2483,4474) (-7114,13666) (2165,12863)
          (1927,19263) (1147,19760) (4881,19515) (3744,5185) (4122,10660) (-5763,11972) (4356,15306) (-490,19160) (5814,11455) (-4273,14749)
          (8115,7672) (3726,16451) (4386,10062) (-8604,18900) (-3511,6786) (2720,14003) (3544,8198) (-975,19853) (-2260,11057) (-9584,2098)
          (-7224,15090) (-3470,19507) (5930,16814) (-4129,6978) (4177,4747) (-3870,13936) (-4842,17000) (6030,14355) (-8748,11306) (-233,19761)
          (2757,13837) (-6538,1738) (2174,14753) (3777,18821) (912,19531) (8268,7299) (-3010,19097) (-6548,4418) (-9591,12456) (-2151,8440)
          (7366,6110) (6611,9468) (1170,13965) (-9870,17171) (-7275,8910) (-955,19960) (-4734,16007) (-9240,14977) (-9721,7372) (5019,19031)
          (-6715,4306) (-1361,14261) (-8605,11092) (6640,8645) (4519,9703) (-3671,9182) (2185,13725) (-2740,16471) (1550,12051) (3679,8311)
  Final platform dimensions [-1037...1031] x [0...19010]. Area = 39312680
